{"numFailedTestSuites":0,"numFailedTests":0,"numPassedTestSuites":6,"numPassedTests":7,"numPendingTestSuites":0,"numPendingTests":0,"numRuntimeErrorTestSuites":0,"numTotalTestSuites":6,"numTotalTests":7,"openHandles":[],"snapshot":{"added":0,"didUpdate":false,"failure":false,"filesAdded":0,"filesRemoved":0,"filesUnmatched":0,"filesUpdated":0,"matched":0,"total":0,"unchecked":0,"uncheckedKeysByFile":[],"unmatched":0,"updated":0},"startTime":1569252451683,"success":true,"testResults":[{"console":null,"failureMessage":null,"numFailingTests":0,"numPassingTests":1,"numPendingTests":0,"perfStats":{"end":1569252452462,"start":1569252452094},"snapshot":{"added":0,"fileDeleted":false,"matched":0,"unchecked":0,"unmatched":0,"updated":0,"uncheckedKeys":[]},"testFilePath":"/Users/danny/code/elevation/tests/matrices-lesson-exercises-solutions/tests/exercises/ex-6.test.js","testResults":[{"ancestorTitles":["exercise6"],"duration":5,"failureMessages":[],"fullName":"exercise6 should create a 'findRichest' method in your matrix which returns the name of the employee with the largest salary","location":null,"numPassingAsserts":0,"status":"passed","title":"should create a 'findRichest' method in your matrix which returns the name of the employee with the largest salary"}],"sourceMaps":{},"skipped":false,"leaks":false},{"console":null,"failureMessage":null,"numFailingTests":0,"numPassingTests":1,"numPendingTests":0,"perfStats":{"end":1569252452520,"start":1569252452472},"snapshot":{"added":0,"fileDeleted":false,"matched":0,"unchecked":0,"unmatched":0,"updated":0,"uncheckedKeys":[]},"testFilePath":"/Users/danny/code/elevation/tests/matrices-lesson-exercises-solutions/tests/exercises/ex-5.test.js","testResults":[{"ancestorTitles":["exercise5"],"duration":2,"failureMessages":[],"fullName":"exercise5 should create a method 'getTotalSalary' in your matrix which receives a department and returns the sum of all the salaries for the employees in that department","location":null,"numPassingAsserts":0,"status":"passed","title":"should create a method 'getTotalSalary' in your matrix which receives a department and returns the sum of all the salaries for the employees in that department"}],"sourceMaps":{},"skipped":false,"leaks":false},{"console":null,"failureMessage":null,"numFailingTests":0,"numPassingTests":2,"numPendingTests":0,"perfStats":{"end":1569252452580,"start":1569252452526},"snapshot":{"added":0,"fileDeleted":false,"matched":0,"unchecked":0,"unmatched":0,"updated":0,"uncheckedKeys":[]},"testFilePath":"/Users/danny/code/elevation/tests/matrices-lesson-exercises-solutions/tests/exercises/ex-1.test.js","testResults":[{"ancestorTitles":["exercise1"],"duration":18,"failureMessages":[],"fullName":"exercise1 should create a class Matrix with the methods 'get' and 'generateMatrix' ","location":null,"numPassingAsserts":0,"status":"passed","title":"should create a class Matrix with the methods 'get' and 'generateMatrix' "},{"ancestorTitles":["exercise1"],"duration":4,"failureMessages":[],"fullName":"exercise1 should create a class Matrix with the method 'alter' which receives a coordinate and value and alters that coordinate to the given value","location":null,"numPassingAsserts":0,"status":"passed","title":"should create a class Matrix with the method 'alter' which receives a coordinate and value and alters that coordinate to the given value"}],"sourceMaps":{},"skipped":false,"leaks":false},{"console":null,"failureMessage":null,"numFailingTests":0,"numPassingTests":1,"numPendingTests":0,"perfStats":{"end":1569252452642,"start":1569252452589},"snapshot":{"added":0,"fileDeleted":false,"matched":0,"unchecked":0,"unmatched":0,"updated":0,"uncheckedKeys":[]},"testFilePath":"/Users/danny/code/elevation/tests/matrices-lesson-exercises-solutions/tests/exercises/ex-4.test.js","testResults":[{"ancestorTitles":["exercise4"],"duration":9,"failureMessages":[],"fullName":"exercise4 should create a method 'getEmployees' in your matrix which receives a department and returns an array with the names of all employees in that department","location":null,"numPassingAsserts":0,"status":"passed","title":"should create a method 'getEmployees' in your matrix which receives a department and returns an array with the names of all employees in that department"}],"sourceMaps":{},"skipped":false,"leaks":false},{"console":null,"failureMessage":null,"numFailingTests":0,"numPassingTests":1,"numPendingTests":0,"perfStats":{"end":1569252452687,"start":1569252452653},"snapshot":{"added":0,"fileDeleted":false,"matched":0,"unchecked":0,"unmatched":0,"updated":0,"uncheckedKeys":[]},"testFilePath":"/Users/danny/code/elevation/tests/matrices-lesson-exercises-solutions/tests/exercises/ex-3.test.js","testResults":[{"ancestorTitles":["exercise3"],"duration":4,"failureMessages":[],"fullName":"exercise3 should create a method 'findCoordinate' in your matrix which receives a value and returns the coordinate of that value' ","location":null,"numPassingAsserts":0,"status":"passed","title":"should create a method 'findCoordinate' in your matrix which receives a value and returns the coordinate of that value' "}],"sourceMaps":{},"skipped":false,"leaks":false},{"console":null,"failureMessage":null,"numFailingTests":0,"numPassingTests":1,"numPendingTests":0,"perfStats":{"end":1569252452726,"start":1569252452694},"snapshot":{"added":0,"fileDeleted":false,"matched":0,"unchecked":0,"unmatched":0,"updated":0,"uncheckedKeys":[]},"testFilePath":"/Users/danny/code/elevation/tests/matrices-lesson-exercises-solutions/tests/exercises/ex-2.test.js","testResults":[{"ancestorTitles":["exercise2"],"duration":8,"failureMessages":[],"fullName":"exercise2 should create a method 'findCoordinate' in your matrix which receives a value and returns the coordinate of that value' ","location":null,"numPassingAsserts":0,"status":"passed","title":"should create a method 'findCoordinate' in your matrix which receives a value and returns the coordinate of that value' "}],"sourceMaps":{},"skipped":false,"leaks":false}],"wasInterrupted":false}